\BOOKMARK [1][-]{section.1}{\376\377\000P\000r\000o\000b\000l\000e\000e\000m\000\040\000S\000c\000h\000e\000t\000s\000e\000n}{}% 1
\BOOKMARK [2][-]{subsection.1.1}{\376\377\000H\000u\000i\000d\000i\000g\000e\000\040\000p\000r\000o\000b\000l\000e\000m\000e\000n\000\040\000b\000i\000j\000\040\000S\000p\000r\000i\000n\000k\000l\000e\000r\000s}{section.1}% 2
\BOOKMARK [2][-]{subsection.1.2}{\376\377\000B\000l\000u\000s\000p\000l\000a\000t\000f\000o\000r\000m}{section.1}% 3
\BOOKMARK [1][-]{section.2}{\376\377\000O\000n\000t\000w\000e\000r\000p\000\040\000e\000n\000\040\000M\000a\000t\000e\000r\000i\000a\000l\000e\000n}{}% 4
\BOOKMARK [2][-]{subsection.2.1}{\376\377\000O\000n\000t\000w\000e\000r\000p\000p\000r\000o\000c\000e\000s}{section.2}% 5
\BOOKMARK [2][-]{subsection.2.2}{\376\377\000M\000a\000t\000e\000r\000i\000a\000a\000l\000s\000e\000l\000e\000c\000t\000i\000e}{section.2}% 6
\BOOKMARK [2][-]{subsection.2.3}{\376\377\000S\000o\000l\000i\000d\000\040\000E\000d\000g\000e}{section.2}% 7
\BOOKMARK [1][-]{section.3}{\376\377\000E\000l\000e\000k\000t\000r\000i\000s\000c\000h\000\040\000C\000i\000r\000c\000u\000i\000t}{}% 8
\BOOKMARK [2][-]{subsection.3.1}{\376\377\000M\000o\000t\000o\000r\000e\000n}{section.3}% 9
\BOOKMARK [2][-]{subsection.3.2}{\376\377\000S\000e\000n\000s\000o\000r\000e\000n\000\040\000e\000n\000\040\000W\000e\000b\000c\000a\000m\000s}{section.3}% 10
\BOOKMARK [2][-]{subsection.3.3}{\376\377\000M\000o\000e\000d\000e\000r\000b\000o\000r\000d}{section.3}% 11
\BOOKMARK [2][-]{subsection.3.4}{\376\377\000B\000e\000k\000a\000b\000e\000l\000i\000n\000g}{section.3}% 12
\BOOKMARK [1][-]{section.4}{\376\377\000P\000r\000o\000g\000r\000a\000m\000m\000e\000e\000r\000c\000o\000d\000e}{}% 13
\BOOKMARK [2][-]{subsection.4.1}{\376\377\000L\000a\000b\000V\000i\000e\000w}{section.4}% 14
\BOOKMARK [2][-]{subsection.4.2}{\376\377\000P\000y\000t\000h\000o\000n}{section.4}% 15
\BOOKMARK [3][-]{subsubsection.4.2.1}{\376\377\000h\000o\000e\000k\000V}{subsection.4.2}% 16
\BOOKMARK [2][-]{subsection.4.3}{\376\377\000A\000r\000d\000u\000i\000n\000o}{section.4}% 17
\BOOKMARK [1][-]{section.5}{\376\377\000R\000e\000s\000u\000l\000t\000a\000t\000e\000n}{}% 18
\BOOKMARK [2][-]{subsection.5.1}{\376\377\000P\000r\000o\000t\000o\000t\000y\000p\000e}{section.5}% 19
\BOOKMARK [2][-]{subsection.5.2}{\376\377\000R\000e\000s\000u\000l\000t\000a\000t\000e\000n\000\040\000D\000e\000m\000o}{section.5}% 20
\BOOKMARK [1][-]{section.6}{\376\377\000F\000i\000n\000a\000n\000c\000i\000e\000e\000l\000\040\000R\000a\000p\000p\000o\000r\000t}{}% 21
\BOOKMARK [1][-]{section.7}{\376\377\000M\000o\000g\000e\000l\000i\000j\000k\000e\000\040\000V\000e\000r\000b\000e\000t\000e\000r\000i\000n\000g\000e\000n}{}% 22
