This is pdfTeX, Version 3.141592653-2.6-1.40.24 (TeX Live 2022) (preloaded format=pdflatex 2023.3.4)  28 APR 2023 16:50
entering extended mode
 restricted \write18 enabled.
 %&-line parsing enabled.
**"Groepsverslag P&O 2.tex"
(./Groepsverslag P&O 2.tex
LaTeX2e <2022-11-01> patch level 1
L3 programming layer <2023-02-22>)
! Emergency stop.
<*> "Groepsverslag P&O 2.tex"
                             
*** (job aborted, no legal \end found)

 
Here is how much of TeX's memory you used:
 16 strings out of 476024
 433 string characters out of 5794017
 1849382 words of memory out of 5000000
 20566 multiletter control sequences out of 15000+600000
 512287 words of font info for 32 fonts, out of 8000000 for 9000
 1141 hyphenation exceptions out of 8191
 13i,0n,12p,57b,10s stack positions out of 10000i,1000n,20000p,200000b,200000s
!  ==> Fatal error occurred, no output PDF file produced!
